
                            < M A T L A B (R) >
                  Copyright 1984-2016 The MathWorks, Inc.
                   R2016b (9.1.0.441655) 64-bit (glnxa64)
                             September 7, 2016

 
For online documentation, see http://www.mathworks.com/support
For product information, visit www.mathworks.com.
 
/home/henryst/lbdData/squaring/1975_1999_window8_noOrder
got matrixDim
1,40000 - 1, 40000:
   loaded data
   converted to sparse
    squared
    values grabbed for output
    values ready for output dump
   values output
1,40000 - 40001, 80000:
   loaded data
   converted to sparse
    squared
    values grabbed for output
    values ready for output dump
   values output
1,40000 - 80001, 120000:
   loaded data
   converted to sparse
    squared
    values grabbed for output
    values ready for output dump
   values output
1,40000 - 120001, 160000:
   loaded data
   converted to sparse
    squared
    values grabbed for output
    values ready for output dump
   values output
1,40000 - 160001, 200000:
   loaded data
   converted to sparse
    squared
    values grabbed for output
    values ready for output dump
   values output
1,40000 - 200001, 240000:
   loaded data
   converted to sparse
    squared
    values grabbed for output
    values ready for output dump
   values output
1,40000 - 240001, 280000:
   loaded data
   converted to sparse
    squared
    values grabbed for output
    values ready for output dump
   values output
1,40000 - 280001, 320000:
   loaded data
   converted to sparse
    squared
    values grabbed for output
    values ready for output dump
   values output
1,40000 - 320001, 360000:
   loaded data
   converted to sparse
    squared
    values grabbed for output
    values ready for output dump
   values output
1,40000 - 360001, 395505:
   loaded data
   converted to sparse
    squared
    values grabbed for output
    values ready for output dump
   values output
40001,80000 - 1, 40000:
   loaded data
   converted to sparse
    squared
    values grabbed for output
    values ready for output dump
   values output
40001,80000 - 40001, 80000:
   loaded data
   converted to sparse
    squared
    values grabbed for output
    values ready for output dump
   values output
40001,80000 - 80001, 120000:
   loaded data
   converted to sparse
    squared
    values grabbed for output
    values ready for output dump
   values output
40001,80000 - 120001, 160000:
   loaded data
   converted to sparse
    squared
    values grabbed for output
    values ready for output dump
   values output
40001,80000 - 160001, 200000:
   loaded data
   converted to sparse
    squared
    values grabbed for output
    values ready for output dump
   values output
40001,80000 - 200001, 240000:
   loaded data
   converted to sparse
    squared
    values grabbed for output
    values ready for output dump
   values output
40001,80000 - 240001, 280000:
   loaded data
   converted to sparse
    squared
    values grabbed for output
    values ready for output dump
   values output
40001,80000 - 280001, 320000:
   loaded data
   converted to sparse
    squared
    values grabbed for output
    values ready for output dump
   values output
40001,80000 - 320001, 360000:
   loaded data
   converted to sparse
    squared
    values grabbed for output
    values ready for output dump
   values output
40001,80000 - 360001, 395505:
   loaded data
   converted to sparse
    squared
    values grabbed for output
    values ready for output dump
   values output
80001,120000 - 1, 40000:
   loaded data
   converted to sparse
    squared
    values grabbed for output
    values ready for output dump
   values output
80001,120000 - 40001, 80000:
   loaded data
   converted to sparse
    squared
    values grabbed for output
    values ready for output dump
   values output
80001,120000 - 80001, 120000:
   loaded data
   converted to sparse
    squared
    values grabbed for output
    values ready for output dump
   values output
80001,120000 - 120001, 160000:
   loaded data
   converted to sparse
    squared
    values grabbed for output
    values ready for output dump
   values output
80001,120000 - 160001, 200000:
   loaded data
   converted to sparse
    squared
    values grabbed for output
    values ready for output dump
   values output
80001,120000 - 200001, 240000:
   loaded data
   converted to sparse
    squared
    values grabbed for output
    values ready for output dump
   values output
80001,120000 - 240001, 280000:
   loaded data
   converted to sparse
    squared
    values grabbed for output
    values ready for output dump
   values output
80001,120000 - 280001, 320000:
   loaded data
   converted to sparse
    squared
    values grabbed for output
    values ready for output dump
   values output
80001,120000 - 320001, 360000:
   loaded data
   converted to sparse
    squared
    values grabbed for output
    values ready for output dump
   values output
80001,120000 - 360001, 395505:
   loaded data
   converted to sparse
    squared
    values grabbed for output
    values ready for output dump
   values output
120001,160000 - 1, 40000:
   loaded data
   converted to sparse
    squared
    values grabbed for output
    values ready for output dump
   values output
120001,160000 - 40001, 80000:
   loaded data
   converted to sparse
    squared
    values grabbed for output
    values ready for output dump
   values output
120001,160000 - 80001, 120000:
   loaded data
   converted to sparse
    squared
    values grabbed for output
    values ready for output dump
   values output
120001,160000 - 120001, 160000:
   loaded data
   converted to sparse
    squared
    values grabbed for output
    values ready for output dump
   values output
120001,160000 - 160001, 200000:
   loaded data
   converted to sparse
    squared
    values grabbed for output
    values ready for output dump
   values output
120001,160000 - 200001, 240000:
   loaded data
   converted to sparse
    squared
    values grabbed for output
    values ready for output dump
   values output
120001,160000 - 240001, 280000:
   loaded data
   converted to sparse
    squared
    values grabbed for output
    values ready for output dump
   values output
120001,160000 - 280001, 320000:
   loaded data
   converted to sparse
    squared
    values grabbed for output
    values ready for output dump
   values output
120001,160000 - 320001, 360000:
   loaded data
   converted to sparse
    squared
    values grabbed for output
    values ready for output dump
   values output
120001,160000 - 360001, 395505:
   loaded data
   converted to sparse
    squared
    values grabbed for output
    values ready for output dump
   values output
160001,200000 - 1, 40000:
   loaded data
   converted to sparse
    squared
    values grabbed for output
    values ready for output dump
   values output
160001,200000 - 40001, 80000:
   loaded data
   converted to sparse
    squared
    values grabbed for output
    values ready for output dump
   values output
160001,200000 - 80001, 120000:
   loaded data
   converted to sparse
    squared
    values grabbed for output
    values ready for output dump
   values output
160001,200000 - 120001, 160000:
   loaded data
   converted to sparse
    squared
    values grabbed for output
    values ready for output dump
   values output
160001,200000 - 160001, 200000:
   loaded data
   converted to sparse
    squared
    values grabbed for output
    values ready for output dump
   values output
160001,200000 - 200001, 240000:
   loaded data
   converted to sparse
    squared
    values grabbed for output
    values ready for output dump
   values output
160001,200000 - 240001, 280000:
   loaded data
   converted to sparse
    squared
    values grabbed for output
    values ready for output dump
   values output
160001,200000 - 280001, 320000:
   loaded data
   converted to sparse
    squared
    values grabbed for output
    values ready for output dump
   values output
160001,200000 - 320001, 360000:
   loaded data
   converted to sparse
    squared
    values grabbed for output
    values ready for output dump
   va